<?xml version="1.0" encoding="UTF-8"?>
<testsuite name="SILab2Test" tests="2" skipped="0" failures="0" errors="0" timestamp="2024-05-26T14:19:36" hostname="DESKTOP-3CB66N8" time="0.042">
  <properties/>
  <testcase name="multipleConditionsTest()" classname="SILab2Test" time="0.033"/>
  <testcase name="everyBranchTest()" classname="SILab2Test" time="0.007"/>
  <system-out><![CDATA[]]></system-out>
  <system-err><![CDATA[]]></system-err>
</testsuite>
